\BOOKMARK [1][-]{section.1}{Introduction}{}% 1
\BOOKMARK [2][-]{subsection.1.1}{Sub-section}{section.1}% 2
\BOOKMARK [1][-]{section.2}{Paper 1}{}% 3
\BOOKMARK [2][-]{subsection.2.1}{Sub-section}{section.2}% 4
\BOOKMARK [1][-]{section.3}{Paper 2}{}% 5
\BOOKMARK [2][-]{subsection.3.1}{Sub-section}{section.3}% 6
\BOOKMARK [1][-]{section.4}{Paper 3}{}% 7
\BOOKMARK [2][-]{subsection.4.1}{Sub-section}{section.4}% 8
\BOOKMARK [1][-]{section.5}{Latent Semantic Indexing}{}% 9
\BOOKMARK [2][-]{subsection.5.1}{Overview of technique}{section.5}% 10
\BOOKMARK [3][-]{subsubsection.5.1.1}{Low-rank approximation and computing similarity}{subsection.5.1}% 11
\BOOKMARK [2][-]{subsection.5.2}{Performance}{section.5}% 12
\BOOKMARK [2][-]{subsection.5.3}{Conclusion}{section.5}% 13
\BOOKMARK [1][-]{section.6}{Paper 5}{}% 14
\BOOKMARK [2][-]{subsection.6.1}{Sub-section}{section.6}% 15
\BOOKMARK [1][-]{section.7}{Tool requirements}{}% 16
\BOOKMARK [2][-]{subsection.7.1}{Overview}{section.7}% 17
\BOOKMARK [2][-]{subsection.7.2}{Requirements}{section.7}% 18
\BOOKMARK [1][-]{section.8}{UML Diagrams of architecture}{}% 19
\BOOKMARK [2][-]{subsection.8.1}{Sub-section}{section.8}% 20
\BOOKMARK [1][-]{section.9}{Tool implementation}{}% 21
\BOOKMARK [2][-]{subsection.9.1}{Sub-section}{section.9}% 22
\BOOKMARK [1][-]{section.10}{Testing}{}% 23
\BOOKMARK [2][-]{subsection.10.1}{Sub-section}{section.10}% 24
\BOOKMARK [1][-]{section.11}{Results of pairwise comparison}{}% 25
\BOOKMARK [2][-]{subsection.11.1}{Sub-section}{section.11}% 26
\BOOKMARK [1][-]{section.12}{Evaluation of results and project review}{}% 27
\BOOKMARK [2][-]{subsection.12.1}{Sub-section}{section.12}% 28
\BOOKMARK [1][-]{section.13}{Responsibilites}{}% 29
\BOOKMARK [2][-]{subsection.13.1}{}{section.13}% 30
